# JRE version: Java(TM) SE Runtime Environment (8.0_131-b11) (build 1.8.0_131-b11)
# Java VM: Java HotSpot(TM) 64-Bit Server VM (25.131-b11 mixed mode linux-amd64 compressed oops)
Heap:
 PSYoungGen      total 331776K, used 266239K [0x000000076c700000, 0x0000000786780000, 0x00000007c0000000)
  eden space 304128K, 78% used [0x000000076c700000,0x000000077b0045f0,0x000000077f000000)
  from space 27648K, 99% used [0x0000000784c80000,0x000000078677b860,0x0000000786780000)
  to   space 34816K, 0% used [0x0000000782380000,0x0000000782380000,0x0000000784580000)
 ParOldGen       total 202752K, used 68266K [0x00000006c5400000, 0x00000006d1a00000, 0x000000076c700000)
  object space 202752K, 33% used [0x00000006c5400000,0x00000006c96aab70,0x00000006d1a00000)
 Metaspace       used 40535K, capacity 40918K, committed 41344K, reserved 1085440K
  class space    used 5364K, capacity 5472K, committed 5504K, reserved 1048576K
GC Heap History (10 events):
Event: 12.615 GC heap before
{Heap before GC invocations=12 (full 2):
 PSYoungGen      total 266752K, used 9202K [0x000000076c700000, 0x000000077db80000, 0x00000007c0000000)
  eden space 257536K, 0% used [0x000000076c700000,0x000000076c700000,0x000000077c280000)
  from space 9216K, 99% used [0x000000077d000000,0x000000077d8fc998,0x000000077d900000)
  to   space 12800K, 0% used [0x000000077c280000,0x000000077c280000,0x000000077cf00000)
 ParOldGen       total 118784K, used 18877K [0x00000006c5400000, 0x00000006cc800000, 0x000000076c700000)
  object space 118784K, 15% used [0x00000006c5400000,0x00000006c666f6d8,0x00000006cc800000)
 Metaspace       used 34813K, capacity 35134K, committed 35456K, reserved 1081344K
  class space    used 4278K, capacity 4403K, committed 4480K, reserved 1048576K
Event: 12.713 GC heap after
Heap after GC invocations=12 (full 2):
 PSYoungGen      total 266752K, used 0K [0x000000076c700000, 0x000000077db80000, 0x00000007c0000000)
  eden space 257536K, 0% used [0x000000076c700000,0x000000076c700000,0x000000077c280000)
  from space 9216K, 0% used [0x000000077d000000,0x000000077d000000,0x000000077d900000)
  to   space 12800K, 0% used [0x000000077c280000,0x000000077c280000,0x000000077cf00000)
 ParOldGen       total 202752K, used 26352K [0x00000006c5400000, 0x00000006d1a00000, 0x000000076c700000)
  object space 202752K, 12% used [0x00000006c5400000,0x00000006c6dbc3f0,0x00000006d1a00000)
 Metaspace       used 34813K, capacity 35134K, committed 35456K, reserved 1081344K
  class space    used 4278K, capacity 4403K, committed 4480K, reserved 1048576K
}
Event: 80.901 GC heap before
{Heap before GC invocations=13 (full 2):
 PSYoungGen      total 266752K, used 257536K [0x000000076c700000, 0x000000077db80000, 0x00000007c0000000)
  eden space 257536K, 100% used [0x000000076c700000,0x000000077c280000,0x000000077c280000)
  from space 9216K, 0% used [0x000000077d000000,0x000000077d000000,0x000000077d900000)
  to   space 12800K, 0% used [0x000000077c280000,0x000000077c280000,0x000000077cf00000)
 ParOldGen       total 202752K, used 26352K [0x00000006c5400000, 0x00000006d1a00000, 0x000000076c700000)
  object space 202752K, 12% used [0x00000006c5400000,0x00000006c6dbc3f0,0x00000006d1a00000)
 Metaspace       used 39612K, capacity 39984K, committed 40320K, reserved 1083392K
  class space    used 5325K, capacity 5439K, committed 5504K, reserved 1048576K
Event: 80.936 GC heap after
Heap after GC invocations=13 (full 2):
 PSYoungGen      total 270336K, used 12786K [0x000000076c700000, 0x0000000782600000, 0x00000007c0000000)
  eden space 257536K, 0% used [0x000000076c700000,0x000000076c700000,0x000000077c280000)
  from space 12800K, 99% used [0x000000077c280000,0x000000077cefca78,0x000000077cf00000)
  to   space 18432K, 0% used [0x0000000781400000,0x0000000781400000,0x0000000782600000)
 ParOldGen       total 202752K, used 36311K [0x00000006c5400000, 0x00000006d1a00000, 0x000000076c700000)
  object space 202752K, 17% used [0x00000006c5400000,0x00000006c7775cf8,0x00000006d1a00000)
 Metaspace       used 39612K, capacity 39984K, committed 40320K, reserved 1083392K
  class space    used 5325K, capacity 5439K, committed 5504K, reserved 1048576K
}
Event: 100.226 GC heap before
{Heap before GC invocations=14 (full 2):
 PSYoungGen      total 270336K, used 270322K [0x000000076c700000, 0x0000000782600000, 0x00000007c0000000)
  eden space 257536K, 100% used [0x000000076c700000,0x000000077c280000,0x000000077c280000)
  from space 12800K, 99% used [0x000000077c280000,0x000000077cefca78,0x000000077cf00000)
  to   space 18432K, 0% used [0x0000000781400000,0x0000000781400000,0x0000000782600000)
 ParOldGen       total 202752K, used 36311K [0x00000006c5400000, 0x00000006d1a00000, 0x000000076c700000)
  object space 202752K, 17% used [0x00000006c5400000,0x00000006c7775cf8,0x00000006d1a00000)
 Metaspace       used 39810K, capacity 40176K, committed 40576K, reserved 1085440K
  class space    used 5330K, capacity 5439K, committed 5504K, reserved 1048576K
Event: 100.258 GC heap after
Heap after GC invocations=14 (full 2):
 PSYoungGen      total 332288K, used 18406K [0x000000076c700000, 0x0000000782880000, 0x00000007c0000000)
  eden space 313856K, 0% used [0x000000076c700000,0x000000076c700000,0x000000077f980000)
  from space 18432K, 99% used [0x0000000781400000,0x00000007825f99e0,0x0000000782600000)
  to   space 24064K, 0% used [0x000000077f980000,0x000000077f980000,0x0000000781100000)
 ParOldGen       total 202752K, used 44314K [0x00000006c5400000, 0x00000006d1a00000, 0x000000076c700000)
  object space 202752K, 21% used [0x00000006c5400000,0x00000006c7f46bb0,0x00000006d1a00000)
 Metaspace       used 39810K, capacity 40176K, committed 40576K, reserved 1085440K
  class space    used 5330K, capacity 5439K, committed 5504K, reserved 1048576K
}
Event: 153.824 GC heap before
{Heap before GC invocations=15 (full 2):
 PSYoungGen      total 332288K, used 332262K [0x000000076c700000, 0x0000000782880000, 0x00000007c0000000)
  eden space 313856K, 100% used [0x000000076c700000,0x000000077f980000,0x000000077f980000)
  from space 18432K, 99% used [0x0000000781400000,0x00000007825f99e0,0x0000000782600000)
  to   space 24064K, 0% used [0x000000077f980000,0x000000077f980000,0x0000000781100000)
 ParOldGen       total 202752K, used 44314K [0x00000006c5400000, 0x00000006d1a00000, 0x000000076c700000)
  object space 202752K, 21% used [0x00000006c5400000,0x00000006c7f46bb0,0x00000006d1a00000)
 Metaspace       used 40028K, capacity 40374K, committed 40832K, reserved 1085440K
  class space    used 5336K, capacity 5440K, committed 5504K, reserved 1048576K
Event: 153.856 GC heap after
Heap after GC invocations=15 (full 2):
 PSYoungGen      total 337920K, used 22567K [0x000000076c700000, 0x0000000786780000, 0x00000007c0000000)
  eden space 313856K, 0% used [0x000000076c700000,0x000000076c700000,0x000000077f980000)
  from space 24064K, 93% used [0x000000077f980000,0x0000000780f89fe8,0x0000000781100000)
  to   space 27648K, 0% used [0x0000000784c80000,0x0000000784c80000,0x0000000786780000)
 ParOldGen       total 202752K, used 60641K [0x00000006c5400000, 0x00000006d1a00000, 0x000000076c700000)
  object space 202752K, 29% used [0x00000006c5400000,0x00000006c8f38478,0x00000006d1a00000)
 Metaspace       used 40028K, capacity 40374K, committed 40832K, reserved 1085440K
  class space    used 5336K, capacity 5440K, committed 5504K, reserved 1048576K
}
Event: 329.176 GC heap before
{Heap before GC invocations=16 (full 2):
 PSYoungGen      total 337920K, used 336077K [0x000000076c700000, 0x0000000786780000, 0x00000007c0000000)
  eden space 313856K, 99% used [0x000000076c700000,0x000000077f9297c0,0x000000077f980000)
  from space 24064K, 93% used [0x000000077f980000,0x0000000780f89fe8,0x0000000781100000)
  to   space 27648K, 0% used [0x0000000784c80000,0x0000000784c80000,0x0000000786780000)
 ParOldGen       total 202752K, used 60641K [0x00000006c5400000, 0x00000006d1a00000, 0x000000076c700000)
  object space 202752K, 29% used [0x00000006c5400000,0x00000006c8f38478,0x00000006d1a00000)
 Metaspace       used 40225K, capacity 40566K, committed 41088K, reserved 1085440K
  class space    used 5354K, capacity 5440K, committed 5504K, reserved 1048576K
Event: 329.209 GC heap after
Heap after GC invocations=16 (full 2):
 PSYoungGen      total 331776K, used 27630K [0x000000076c700000, 0x0000000786780000, 0x00000007c0000000)
  eden space 304128K, 0% used [0x000000076c700000,0x000000076c700000,0x000000077f000000)
  from space 27648K, 99% used [0x0000000784c80000,0x000000078677b860,0x0000000786780000)
  to   space 34816K, 0% used [0x0000000782380000,0x0000000782380000,0x0000000784580000)
 ParOldGen       total 202752K, used 68266K [0x00000006c5400000, 0x00000006d1a00000, 0x000000076c700000)
  object space 202752K, 33% used [0x00000006c5400000,0x00000006c96aab70,0x00000006d1a00000)
 Metaspace       used 40225K, capacity 40566K, committed 41088K, reserved 1085440K
  class space    used 5354K, capacity 5440K, committed 5504K, reserved 1048576K
}

