# JRE version: Java(TM) SE Runtime Environment (8.0_131-b11) (build 1.8.0_131-b11)
# Java VM: Java HotSpot(TM) 64-Bit Server VM (25.131-b11 mixed mode linux-amd64 compressed oops)
Heap:
 PSYoungGen      total 450560K, used 76292K [0x000000076c700000, 0x000000078a300000, 0x00000007c0000000)
  eden space 432640K, 13% used [0x000000076c700000,0x0000000770057488,0x0000000786d80000)
  from space 17920K, 98% used [0x0000000788200000,0x0000000789329f28,0x0000000789380000)
  to   space 15872K, 0% used [0x0000000789380000,0x0000000789380000,0x000000078a300000)
 ParOldGen       total 244224K, used 61646K [0x00000006c5400000, 0x00000006d4280000, 0x000000076c700000)
  object space 244224K, 25% used [0x00000006c5400000,0x00000006c9033b88,0x00000006d4280000)
 Metaspace       used 42570K, capacity 42968K, committed 43264K, reserved 1087488K
  class space    used 5469K, capacity 5567K, committed 5632K, reserved 1048576K
GC Heap History (10 events):
Event: 35.548 GC heap before
{Heap before GC invocations=15 (full 2):
 PSYoungGen      total 341504K, used 339461K [0x000000076c700000, 0x0000000783780000, 0x00000007c0000000)
  eden space 325120K, 100% used [0x000000076c700000,0x0000000780480000,0x0000000780480000)
  from space 16384K, 87% used [0x0000000782780000,0x00000007835814a8,0x0000000783780000)
  to   space 26112K, 0% used [0x0000000780480000,0x0000000780480000,0x0000000781e00000)
 ParOldGen       total 244224K, used 61606K [0x00000006c5400000, 0x00000006d4280000, 0x000000076c700000)
  object space 244224K, 25% used [0x00000006c5400000,0x00000006c9029b88,0x00000006d4280000)
 Metaspace       used 41797K, capacity 42154K, committed 42496K, reserved 1085440K
  class space    used 5427K, capacity 5522K, committed 5632K, reserved 1048576K
Event: 35.568 GC heap after
Heap after GC invocations=15 (full 2):
 PSYoungGen      total 351232K, used 13087K [0x000000076c700000, 0x0000000787480000, 0x00000007c0000000)
  eden space 325120K, 0% used [0x000000076c700000,0x000000076c700000,0x0000000780480000)
  from space 26112K, 50% used [0x0000000780480000,0x0000000781147d98,0x0000000781e00000)
  to   space 25088K, 0% used [0x0000000785c00000,0x0000000785c00000,0x0000000787480000)
 ParOldGen       total 244224K, used 61614K [0x00000006c5400000, 0x00000006d4280000, 0x000000076c700000)
  object space 244224K, 25% used [0x00000006c5400000,0x00000006c902bb88,0x00000006d4280000)
 Metaspace       used 41797K, capacity 42154K, committed 42496K, reserved 1085440K
  class space    used 5427K, capacity 5522K, committed 5632K, reserved 1048576K
}
Event: 36.873 GC heap before
{Heap before GC invocations=16 (full 2):
 PSYoungGen      total 351232K, used 338207K [0x000000076c700000, 0x0000000787480000, 0x00000007c0000000)
  eden space 325120K, 100% used [0x000000076c700000,0x0000000780480000,0x0000000780480000)
  from space 26112K, 50% used [0x0000000780480000,0x0000000781147d98,0x0000000781e00000)
  to   space 25088K, 0% used [0x0000000785c00000,0x0000000785c00000,0x0000000787480000)
 ParOldGen       total 244224K, used 61614K [0x00000006c5400000, 0x00000006d4280000, 0x000000076c700000)
  object space 244224K, 25% used [0x00000006c5400000,0x00000006c902bb88,0x00000006d4280000)
 Metaspace       used 41938K, capacity 42346K, committed 42752K, reserved 1087488K
  class space    used 5427K, capacity 5522K, committed 5632K, reserved 1048576K
Event: 36.895 GC heap after
Heap after GC invocations=16 (full 2):
 PSYoungGen      total 414208K, used 16766K [0x000000076c700000, 0x0000000787d00000, 0x00000007c0000000)
  eden space 389120K, 0% used [0x000000076c700000,0x000000076c700000,0x0000000784300000)
  from space 25088K, 66% used [0x0000000785c00000,0x0000000786c5f930,0x0000000787480000)
  to   space 25600K, 0% used [0x0000000784300000,0x0000000784300000,0x0000000785c00000)
 ParOldGen       total 244224K, used 61622K [0x00000006c5400000, 0x00000006d4280000, 0x000000076c700000)
  object space 244224K, 25% used [0x00000006c5400000,0x00000006c902db88,0x00000006d4280000)
 Metaspace       used 41938K, capacity 42346K, committed 42752K, reserved 1087488K
  class space    used 5427K, capacity 5522K, committed 5632K, reserved 1048576K
}
Event: 56.679 GC heap before
{Heap before GC invocations=17 (full 2):
 PSYoungGen      total 414208K, used 405885K [0x000000076c700000, 0x0000000787d00000, 0x00000007c0000000)
  eden space 389120K, 99% used [0x000000076c700000,0x00000007842ffe30,0x0000000784300000)
  from space 25088K, 66% used [0x0000000785c00000,0x0000000786c5f930,0x0000000787480000)
  to   space 25600K, 0% used [0x0000000784300000,0x0000000784300000,0x0000000785c00000)
 ParOldGen       total 244224K, used 61622K [0x00000006c5400000, 0x00000006d4280000, 0x000000076c700000)
  object space 244224K, 25% used [0x00000006c5400000,0x00000006c902db88,0x00000006d4280000)
 Metaspace       used 42285K, capacity 42728K, committed 43264K, reserved 1087488K
  class space    used 5462K, capacity 5559K, committed 5632K, reserved 1048576K
Event: 56.699 GC heap after
Heap after GC invocations=17 (full 2):
 PSYoungGen      total 414720K, used 13401K [0x000000076c700000, 0x000000078bb00000, 0x00000007c0000000)
  eden space 389120K, 0% used [0x000000076c700000,0x000000076c700000,0x0000000784300000)
  from space 25600K, 52% used [0x0000000784300000,0x0000000785016580,0x0000000785c00000)
  to   space 25088K, 0% used [0x000000078a280000,0x000000078a280000,0x000000078bb00000)
 ParOldGen       total 244224K, used 61630K [0x00000006c5400000, 0x00000006d4280000, 0x000000076c700000)
  object space 244224K, 25% used [0x00000006c5400000,0x00000006c902fb88,0x00000006d4280000)
 Metaspace       used 42285K, capacity 42728K, committed 43264K, reserved 1087488K
  class space    used 5462K, capacity 5559K, committed 5632K, reserved 1048576K
}
Event: 108.053 GC heap before
{Heap before GC invocations=18 (full 2):
 PSYoungGen      total 414720K, used 402521K [0x000000076c700000, 0x000000078bb00000, 0x00000007c0000000)
  eden space 389120K, 100% used [0x000000076c700000,0x0000000784300000,0x0000000784300000)
  from space 25600K, 52% used [0x0000000784300000,0x0000000785016580,0x0000000785c00000)
  to   space 25088K, 0% used [0x000000078a280000,0x000000078a280000,0x000000078bb00000)
 ParOldGen       total 244224K, used 61630K [0x00000006c5400000, 0x00000006d4280000, 0x000000076c700000)
  object space 244224K, 25% used [0x00000006c5400000,0x00000006c902fb88,0x00000006d4280000)
 Metaspace       used 42422K, capacity 42904K, committed 43264K, reserved 1087488K
  class space    used 5468K, capacity 5567K, committed 5632K, reserved 1048576K
Event: 108.078 GC heap after
Heap after GC invocations=18 (full 2):
 PSYoungGen      total 468992K, used 19808K [0x000000076c700000, 0x000000078b600000, 0x00000007c0000000)
  eden space 449024K, 0% used [0x000000076c700000,0x000000076c700000,0x0000000787d80000)
  from space 19968K, 99% used [0x000000078a280000,0x000000078b5d8050,0x000000078b600000)
  to   space 26624K, 0% used [0x0000000788200000,0x0000000788200000,0x0000000789c00000)
 ParOldGen       total 244224K, used 61638K [0x00000006c5400000, 0x00000006d4280000, 0x000000076c700000)
  object space 244224K, 25% used [0x00000006c5400000,0x00000006c9031b88,0x00000006d4280000)
 Metaspace       used 42422K, capacity 42904K, committed 43264K, reserved 1087488K
  class space    used 5468K, capacity 5567K, committed 5632K, reserved 1048576K
}
Event: 1003.798 GC heap before
{Heap before GC invocations=19 (full 2):
 PSYoungGen      total 468992K, used 468832K [0x000000076c700000, 0x000000078b600000, 0x00000007c0000000)
  eden space 449024K, 100% used [0x000000076c700000,0x0000000787d80000,0x0000000787d80000)
  from space 19968K, 99% used [0x000000078a280000,0x000000078b5d8050,0x000000078b600000)
  to   space 26624K, 0% used [0x0000000788200000,0x0000000788200000,0x0000000789c00000)
 ParOldGen       total 244224K, used 61638K [0x00000006c5400000, 0x00000006d4280000, 0x000000076c700000)
  object space 244224K, 25% used [0x00000006c5400000,0x00000006c9031b88,0x00000006d4280000)
 Metaspace       used 42517K, capacity 42968K, committed 43264K, reserved 1087488K
  class space    used 5469K, capacity 5567K, committed 5632K, reserved 1048576K
Event: 1003.822 GC heap after
Heap after GC invocations=19 (full 2):
 PSYoungGen      total 450560K, used 17575K [0x000000076c700000, 0x000000078a300000, 0x00000007c0000000)
  eden space 432640K, 0% used [0x000000076c700000,0x000000076c700000,0x0000000786d80000)
  from space 17920K, 98% used [0x0000000788200000,0x0000000789329f28,0x0000000789380000)
  to   space 15872K, 0% used [0x0000000789380000,0x0000000789380000,0x000000078a300000)
 ParOldGen       total 244224K, used 61646K [0x00000006c5400000, 0x00000006d4280000, 0x000000076c700000)
  object space 244224K, 25% used [0x00000006c5400000,0x00000006c9033b88,0x00000006d4280000)
 Metaspace       used 42517K, capacity 42968K, committed 43264K, reserved 1087488K
  class space    used 5469K, capacity 5567K, committed 5632K, reserved 1048576K
}

